<?xml version="1.0" encoding="UTF-8"?>
<!-- Generated by org.testng.reporters.JUnitXMLReporter -->
<testsuite ignored="4" hostname="bitDev-VM1" failures="12" tests="12" name="Automation Challenge Test" time="36.284" errors="0" timestamp="2021-03-08T22:17:13 MST">
  <testcase classname="com.paylocitybenefitsdashboard.testCases.TC_AddEmployee" name="addEmployeeTest" time="2.737">
    <failure type="java.lang.NullPointerException">
      <![CDATA[java.lang.NullPointerException
at com.paylocitybenefitsdashboard.helpers.BenefitDashboardHelpers.isEmployeeDataCorrect(BenefitDashboardHelpers.java:258)
at com.paylocitybenefitsdashboard.testCases.TC_AddEmployee.addEmployeeTest(TC_AddEmployee.java:32)
at java.base/java.util.ArrayList.forEach(ArrayList.java:1507)
... Removed 27 stack frames]]>
    </failure>
  </testcase> <!-- addEmployeeTest -->
  <testcase classname="com.paylocitybenefitsdashboard.testCases.TC_AddEmployee" name="addEmployeeTest" time="1.808">
    <failure type="java.lang.NullPointerException">
      <![CDATA[java.lang.NullPointerException
at com.paylocitybenefitsdashboard.helpers.BenefitDashboardHelpers.isEmployeeDataCorrect(BenefitDashboardHelpers.java:258)
at com.paylocitybenefitsdashboard.testCases.TC_AddEmployee.addEmployeeTest(TC_AddEmployee.java:32)
at java.base/java.util.ArrayList.forEach(ArrayList.java:1507)
... Removed 27 stack frames]]>
    </failure>
  </testcase> <!-- addEmployeeTest -->
  <testcase classname="com.paylocitybenefitsdashboard.testCases.TC_AddEmployee" name="addEmployeeTest" time="1.764">
    <failure type="java.lang.NullPointerException">
      <![CDATA[java.lang.NullPointerException
at com.paylocitybenefitsdashboard.helpers.BenefitDashboardHelpers.isEmployeeDataCorrect(BenefitDashboardHelpers.java:258)
at com.paylocitybenefitsdashboard.testCases.TC_AddEmployee.addEmployeeTest(TC_AddEmployee.java:32)
at java.base/java.util.ArrayList.forEach(ArrayList.java:1507)
... Removed 27 stack frames]]>
    </failure>
  </testcase> <!-- addEmployeeTest -->
  <testcase classname="com.paylocitybenefitsdashboard.testCases.TC_AddEmployee" name="addEmployeeTest" time="1.777">
    <failure type="java.lang.NullPointerException">
      <![CDATA[java.lang.NullPointerException
at com.paylocitybenefitsdashboard.helpers.BenefitDashboardHelpers.isEmployeeDataCorrect(BenefitDashboardHelpers.java:258)
at com.paylocitybenefitsdashboard.testCases.TC_AddEmployee.addEmployeeTest(TC_AddEmployee.java:32)
at java.base/java.util.ArrayList.forEach(ArrayList.java:1507)
... Removed 27 stack frames]]>
    </failure>
  </testcase> <!-- addEmployeeTest -->
  <testcase classname="com.paylocitybenefitsdashboard.testCases.TC_EditEmployee" name="editEmployeeTest" time="0.439">
    <failure type="java.lang.NullPointerException">
      <![CDATA[java.lang.NullPointerException
at com.paylocitybenefitsdashboard.helpers.BenefitDashboardHelpers.editEmployee(BenefitDashboardHelpers.java:175)
at com.paylocitybenefitsdashboard.testCases.TC_EditEmployee.editEmployeeTest(TC_EditEmployee.java:25)
at java.base/java.util.ArrayList.forEach(ArrayList.java:1507)
... Removed 27 stack frames]]>
    </failure>
  </testcase> <!-- editEmployeeTest -->
  <testcase classname="com.paylocitybenefitsdashboard.testCases.TC_EditEmployee" name="editEmployeeTest" time="0.408">
    <failure type="java.lang.NullPointerException">
      <![CDATA[java.lang.NullPointerException
at com.paylocitybenefitsdashboard.helpers.BenefitDashboardHelpers.editEmployee(BenefitDashboardHelpers.java:175)
at com.paylocitybenefitsdashboard.testCases.TC_EditEmployee.editEmployeeTest(TC_EditEmployee.java:25)
at java.base/java.util.ArrayList.forEach(ArrayList.java:1507)
... Removed 27 stack frames]]>
    </failure>
  </testcase> <!-- editEmployeeTest -->
  <testcase classname="com.paylocitybenefitsdashboard.testCases.TC_EditEmployee" name="editEmployeeTest" time="0.428">
    <failure type="java.lang.NullPointerException">
      <![CDATA[java.lang.NullPointerException
at com.paylocitybenefitsdashboard.helpers.BenefitDashboardHelpers.editEmployee(BenefitDashboardHelpers.java:175)
at com.paylocitybenefitsdashboard.testCases.TC_EditEmployee.editEmployeeTest(TC_EditEmployee.java:25)
at java.base/java.util.ArrayList.forEach(ArrayList.java:1507)
... Removed 27 stack frames]]>
    </failure>
  </testcase> <!-- editEmployeeTest -->
  <testcase classname="com.paylocitybenefitsdashboard.testCases.TC_EditEmployee" name="editEmployeeTest" time="0.386">
    <failure type="java.lang.NullPointerException">
      <![CDATA[java.lang.NullPointerException
at com.paylocitybenefitsdashboard.helpers.BenefitDashboardHelpers.editEmployee(BenefitDashboardHelpers.java:175)
at com.paylocitybenefitsdashboard.testCases.TC_EditEmployee.editEmployeeTest(TC_EditEmployee.java:25)
at java.base/java.util.ArrayList.forEach(ArrayList.java:1507)
... Removed 27 stack frames]]>
    </failure>
  </testcase> <!-- editEmployeeTest -->
  <testcase classname="com.paylocitybenefitsdashboard.testCases.TC_DeleteEmployee" name="deleteEmployeeTest" time="0.428">
    <failure type="java.lang.NullPointerException">
      <![CDATA[java.lang.NullPointerException
at com.paylocitybenefitsdashboard.helpers.BenefitDashboardHelpers.deleteEmployee(BenefitDashboardHelpers.java:214)
at com.paylocitybenefitsdashboard.testCases.TC_DeleteEmployee.deleteEmployeeTest(TC_DeleteEmployee.java:37)
at java.base/java.util.ArrayList.forEach(ArrayList.java:1507)
... Removed 27 stack frames]]>
    </failure>
  </testcase> <!-- deleteEmployeeTest -->
  <testcase classname="com.paylocitybenefitsdashboard.testCases.TC_DeleteEmployee" name="deleteEmployeeTest" time="10.453">
    <failure type="org.openqa.selenium.NoSuchElementException" message="no such element: Unable to locate element: {&amp;quot;method&amp;quot;:&amp;quot;xpath&amp;quot;,&amp;quot;selector&amp;quot;:&amp;quot;//td[contains(text(), &amp;apos;Carina&amp;apos;)]/parent::tr/td[3]&amp;quot;}
  (Session info: chrome=88.0.4324.190)
For documentation on this error, please visit: https://www.seleniumhq.org/exceptions/no_such_element.html
Build info: version: &amp;apos;3.141.59&amp;apos;, revision: &amp;apos;e82be7d358&amp;apos;, time: &amp;apos;2018-11-14T08:17:03&amp;apos;
System info: host: &amp;apos;BITDEV-VM1&amp;apos;, ip: &amp;apos;192.168.194.128&amp;apos;, os.name: &amp;apos;Windows 10&amp;apos;, os.arch: &amp;apos;amd64&amp;apos;, os.version: &amp;apos;10.0&amp;apos;, java.version: &amp;apos;13.0.2&amp;apos;
Driver info: org.openqa.selenium.chrome.ChromeDriver
Capabilities {acceptInsecureCerts: false, browserName: chrome, browserVersion: 88.0.4324.190, chrome: {chromedriverVersion: 88.0.4324.96 (68dba2d8a0b14..., userDataDir: C:\Users\BITDEV~1\AppData\L...}, goog:chromeOptions: {debuggerAddress: localhost:63343}, javascriptEnabled: true, networkConnectionEnabled: false, pageLoadStrategy: normal, platform: WINDOWS, platformName: WINDOWS, proxy: Proxy(), setWindowRect: true, strictFileInteractability: false, timeouts: {implicit: 0, pageLoad: 300000, script: 30000}, unhandledPromptBehavior: dismiss and notify, webauthn:extension:largeBlob: true, webauthn:virtualAuthenticators: true}
Session ID: 277dc73008e3018942029d1c84840c1f
*** Element info: {Using=xpath, value=//td[contains(text(), &amp;apos;Carina&amp;apos;)]/parent::tr/td[3]}">
      <![CDATA[org.openqa.selenium.NoSuchElementException: no such element: Unable to locate element: {"method":"xpath","selector":"//td[contains(text(), 'Carina')]/parent::tr/td[3]"}
  (Session info: chrome=88.0.4324.190)
For documentation on this error, please visit: https://www.seleniumhq.org/exceptions/no_such_element.html
Build info: version: '3.141.59', revision: 'e82be7d358', time: '2018-11-14T08:17:03'
System info: host: 'BITDEV-VM1', ip: '192.168.194.128', os.name: 'Windows 10', os.arch: 'amd64', os.version: '10.0', java.version: '13.0.2'
Driver info: org.openqa.selenium.chrome.ChromeDriver
Capabilities {acceptInsecureCerts: false, browserName: chrome, browserVersion: 88.0.4324.190, chrome: {chromedriverVersion: 88.0.4324.96 (68dba2d8a0b14..., userDataDir: C:\Users\BITDEV~1\AppData\L...}, goog:chromeOptions: {debuggerAddress: localhost:63343}, javascriptEnabled: true, networkConnectionEnabled: false, pageLoadStrategy: normal, platform: WINDOWS, platformName: WINDOWS, proxy: Proxy(), setWindowRect: true, strictFileInteractability: false, timeouts: {implicit: 0, pageLoad: 300000, script: 30000}, unhandledPromptBehavior: dismiss and notify, webauthn:extension:largeBlob: true, webauthn:virtualAuthenticators: true}
Session ID: 277dc73008e3018942029d1c84840c1f
*** Element info: {Using=xpath, value=//td[contains(text(), 'Carina')]/parent::tr/td[3]}
at org.openqa.selenium.remote.http.W3CHttpResponseCodec.createException(W3CHttpResponseCodec.java:187)
at org.openqa.selenium.remote.http.W3CHttpResponseCodec.decode(W3CHttpResponseCodec.java:122)
at org.openqa.selenium.remote.http.W3CHttpResponseCodec.decode(W3CHttpResponseCodec.java:49)
at org.openqa.selenium.remote.HttpCommandExecutor.execute(HttpCommandExecutor.java:158)
at org.openqa.selenium.remote.service.DriverCommandExecutor.execute(DriverCommandExecutor.java:83)
at org.openqa.selenium.remote.RemoteWebDriver.execute(RemoteWebDriver.java:552)
at org.openqa.selenium.remote.RemoteWebDriver.findElement(RemoteWebDriver.java:323)
at org.openqa.selenium.remote.RemoteWebDriver.findElementByXPath(RemoteWebDriver.java:428)
at org.openqa.selenium.By$ByXPath.findElement(By.java:353)
at org.openqa.selenium.remote.RemoteWebDriver.findElement(RemoteWebDriver.java:315)
at com.paylocitybenefitsdashboard.helpers.BenefitDashboardHelpers.doesEmployeeExist(BenefitDashboardHelpers.java:84)
at com.paylocitybenefitsdashboard.helpers.BenefitDashboardHelpers.getEmployeeId(BenefitDashboardHelpers.java:97)
at com.paylocitybenefitsdashboard.helpers.BenefitDashboardHelpers.deleteEmployee(BenefitDashboardHelpers.java:212)
at com.paylocitybenefitsdashboard.testCases.TC_DeleteEmployee.deleteEmployeeTest(TC_DeleteEmployee.java:37)
at java.base/java.util.ArrayList.forEach(ArrayList.java:1507)
... Removed 32 stack frames]]>
    </failure>
  </testcase> <!-- deleteEmployeeTest -->
  <testcase classname="com.paylocitybenefitsdashboard.testCases.TC_DeleteEmployee" name="deleteEmployeeTest" time="0.415">
    <failure type="java.lang.NullPointerException">
      <![CDATA[java.lang.NullPointerException
at com.paylocitybenefitsdashboard.helpers.BenefitDashboardHelpers.deleteEmployee(BenefitDashboardHelpers.java:214)
at com.paylocitybenefitsdashboard.testCases.TC_DeleteEmployee.deleteEmployeeTest(TC_DeleteEmployee.java:37)
at java.base/java.util.ArrayList.forEach(ArrayList.java:1507)
... Removed 27 stack frames]]>
    </failure>
  </testcase> <!-- deleteEmployeeTest -->
  <testcase classname="com.paylocitybenefitsdashboard.testCases.TC_DeleteEmployee" name="deleteEmployeeTest" time="10.594">
    <failure type="org.openqa.selenium.NoSuchElementException" message="no such element: Unable to locate element: {&amp;quot;method&amp;quot;:&amp;quot;xpath&amp;quot;,&amp;quot;selector&amp;quot;:&amp;quot;//td[contains(text(), &amp;apos;Kevin&amp;apos;)]/parent::tr/td[3]&amp;quot;}
  (Session info: chrome=88.0.4324.190)
For documentation on this error, please visit: https://www.seleniumhq.org/exceptions/no_such_element.html
Build info: version: &amp;apos;3.141.59&amp;apos;, revision: &amp;apos;e82be7d358&amp;apos;, time: &amp;apos;2018-11-14T08:17:03&amp;apos;
System info: host: &amp;apos;BITDEV-VM1&amp;apos;, ip: &amp;apos;192.168.194.128&amp;apos;, os.name: &amp;apos;Windows 10&amp;apos;, os.arch: &amp;apos;amd64&amp;apos;, os.version: &amp;apos;10.0&amp;apos;, java.version: &amp;apos;13.0.2&amp;apos;
Driver info: org.openqa.selenium.chrome.ChromeDriver
Capabilities {acceptInsecureCerts: false, browserName: chrome, browserVersion: 88.0.4324.190, chrome: {chromedriverVersion: 88.0.4324.96 (68dba2d8a0b14..., userDataDir: C:\Users\BITDEV~1\AppData\L...}, goog:chromeOptions: {debuggerAddress: localhost:63343}, javascriptEnabled: true, networkConnectionEnabled: false, pageLoadStrategy: normal, platform: WINDOWS, platformName: WINDOWS, proxy: Proxy(), setWindowRect: true, strictFileInteractability: false, timeouts: {implicit: 0, pageLoad: 300000, script: 30000}, unhandledPromptBehavior: dismiss and notify, webauthn:extension:largeBlob: true, webauthn:virtualAuthenticators: true}
Session ID: 277dc73008e3018942029d1c84840c1f
*** Element info: {Using=xpath, value=//td[contains(text(), &amp;apos;Kevin&amp;apos;)]/parent::tr/td[3]}">
      <![CDATA[org.openqa.selenium.NoSuchElementException: no such element: Unable to locate element: {"method":"xpath","selector":"//td[contains(text(), 'Kevin')]/parent::tr/td[3]"}
  (Session info: chrome=88.0.4324.190)
For documentation on this error, please visit: https://www.seleniumhq.org/exceptions/no_such_element.html
Build info: version: '3.141.59', revision: 'e82be7d358', time: '2018-11-14T08:17:03'
System info: host: 'BITDEV-VM1', ip: '192.168.194.128', os.name: 'Windows 10', os.arch: 'amd64', os.version: '10.0', java.version: '13.0.2'
Driver info: org.openqa.selenium.chrome.ChromeDriver
Capabilities {acceptInsecureCerts: false, browserName: chrome, browserVersion: 88.0.4324.190, chrome: {chromedriverVersion: 88.0.4324.96 (68dba2d8a0b14..., userDataDir: C:\Users\BITDEV~1\AppData\L...}, goog:chromeOptions: {debuggerAddress: localhost:63343}, javascriptEnabled: true, networkConnectionEnabled: false, pageLoadStrategy: normal, platform: WINDOWS, platformName: WINDOWS, proxy: Proxy(), setWindowRect: true, strictFileInteractability: false, timeouts: {implicit: 0, pageLoad: 300000, script: 30000}, unhandledPromptBehavior: dismiss and notify, webauthn:extension:largeBlob: true, webauthn:virtualAuthenticators: true}
Session ID: 277dc73008e3018942029d1c84840c1f
*** Element info: {Using=xpath, value=//td[contains(text(), 'Kevin')]/parent::tr/td[3]}
at org.openqa.selenium.remote.http.W3CHttpResponseCodec.createException(W3CHttpResponseCodec.java:187)
at org.openqa.selenium.remote.http.W3CHttpResponseCodec.decode(W3CHttpResponseCodec.java:122)
at org.openqa.selenium.remote.http.W3CHttpResponseCodec.decode(W3CHttpResponseCodec.java:49)
at org.openqa.selenium.remote.HttpCommandExecutor.execute(HttpCommandExecutor.java:158)
at org.openqa.selenium.remote.service.DriverCommandExecutor.execute(DriverCommandExecutor.java:83)
at org.openqa.selenium.remote.RemoteWebDriver.execute(RemoteWebDriver.java:552)
at org.openqa.selenium.remote.RemoteWebDriver.findElement(RemoteWebDriver.java:323)
at org.openqa.selenium.remote.RemoteWebDriver.findElementByXPath(RemoteWebDriver.java:428)
at org.openqa.selenium.By$ByXPath.findElement(By.java:353)
at org.openqa.selenium.remote.RemoteWebDriver.findElement(RemoteWebDriver.java:315)
at com.paylocitybenefitsdashboard.helpers.BenefitDashboardHelpers.doesEmployeeExist(BenefitDashboardHelpers.java:84)
at com.paylocitybenefitsdashboard.helpers.BenefitDashboardHelpers.getEmployeeId(BenefitDashboardHelpers.java:97)
at com.paylocitybenefitsdashboard.helpers.BenefitDashboardHelpers.deleteEmployee(BenefitDashboardHelpers.java:212)
at com.paylocitybenefitsdashboard.testCases.TC_DeleteEmployee.deleteEmployeeTest(TC_DeleteEmployee.java:37)
at java.base/java.util.ArrayList.forEach(ArrayList.java:1507)
... Removed 32 stack frames]]>
    </failure>
  </testcase> <!-- deleteEmployeeTest -->
  <testcase classname="com.paylocitybenefitsdashboard.testCases.BaseClass" name="@AfterSuite tearDown" time="0.0">
    <ignored/>
  </testcase> <!-- @AfterSuite tearDown -->
  <testcase classname="com.paylocitybenefitsdashboard.testCases.BaseClass" name="@AfterSuite tearDown" time="0.0">
    <ignored/>
  </testcase> <!-- @AfterSuite tearDown -->
  <testcase classname="com.paylocitybenefitsdashboard.testCases.BaseClass" name="@BeforeSuite setup" time="0.0">
    <ignored/>
  </testcase> <!-- @BeforeSuite setup -->
  <testcase classname="com.paylocitybenefitsdashboard.testCases.BaseClass" name="@BeforeSuite setup" time="0.0">
    <ignored/>
  </testcase> <!-- @BeforeSuite setup -->
</testsuite> <!-- Automation Challenge Test -->
